<?xml version="1.0" encoding="UTF-8"?>
<!-- Generated by org.testng.reporters.JUnitReportReporter -->
<testsuite hostname="DESKTOP-J5NV8O8" failures="0" tests="1" name="inetBanking.testCases.TC_LoginTest_001" time="6.163" errors="0" timestamp="23 Aug 2020 04:44:29 GMT" skipped="0">
  <testcase classname="inetBanking.testCases.TC_LoginTest_001" name="loginTest" time="6.163"/>
</testsuite> <!-- inetBanking.testCases.TC_LoginTest_001 -->
