<?xml version="1.0" encoding="UTF-8"?>
<!-- Generated by org.testng.reporters.JUnitReportReporter -->
<testsuite hostname="DESKTOP-J5NV8O8" failures="0" tests="1" name="inetBanking.testCases.TC_Regis" time="44.125" errors="0" timestamp="26 Aug 2020 04:30:20 GMT" skipped="0">
  <testcase classname="inetBanking.testCases.TC_Regis" name="RegisterTest" time="44.125"/>
</testsuite> <!-- inetBanking.testCases.TC_Regis -->
